<?xml version="1.0" encoding="UTF-8"?>
<!-- Generated by org.testng.reporters.JUnitReportReporter -->
<testsuite hostname="DARSHUPIE" failures="0" tests="1" name="testcases.SampleTest" time="0.015" errors="0" timestamp="2022-06-22T01:25:26 EDT" skipped="0">
  <testcase classname="testcases.SampleTest" name="test1" time="0.015"/>
  <system-out/>
</testsuite> <!-- testcases.SampleTest -->
